<?xml version="1.0" encoding="UTF-8"?>
<!-- Generated by org.testng.reporters.JUnitReportReporter -->
<testsuite hostname="DESKTOP-2M3SMF0" failures="0" tests="1" name="Apptest.Appium" time="10.252" errors="0" timestamp="2023-03-25T16:23:04 EET" skipped="0">
  <testcase classname="Apptest.Appium" name="testMain" time="10.252"/>
  <system-out/>
</testsuite> <!-- Apptest.Appium -->
