<?xml version="1.0" encoding="UTF-8"?>
<!-- Generated by org.testng.reporters.JUnitReportReporter -->
<testsuite hostname="DESKTOP-2M3SMF0" failures="0" tests="1" name="Apptest.Appium" time="17.493" errors="0" timestamp="2023-03-30T03:11:24 EEST" skipped="0">
  <testcase classname="Apptest.Appium" name="testMain" time="17.493"/>
  <system-out/>
</testsuite> <!-- Apptest.Appium -->
